Arguments: 
  /usr/bin/node /usr/bin/yarn add -D @types/node @types/express

PATH: 
  /usr/local/sbin:/usr/local/bin:/usr/sbin:/usr/bin:/sbin:/bin:/usr/games:/usr/local/games:/snap/bin:/snap/bin:/home/fabian/Android/Sdk/emulator:/home/fabian/Android/Sdk/tools:/home/fabian/Android/Sdk/tools/bin:/home/fabian/Android/Sdk/platform-tools:/usr/local/bin

Yarn version: 
  1.22.17

Node version: 
  16.13.2

Platform: 
  linux x64

Trace: 
  SyntaxError: /home/fabian/Desktop/coffe-maker/package.json: Unexpected token } in JSON at position 142
      at JSON.parse (<anonymous>)
      at /usr/lib/node_modules/yarn/lib/cli.js:1625:59
      at Generator.next (<anonymous>)
      at step (/usr/lib/node_modules/yarn/lib/cli.js:310:30)
      at /usr/lib/node_modules/yarn/lib/cli.js:321:13

npm manifest: 
  {
    "name": "coffe-maker",
    "version": "1.0.0",
    "description": "",
    "main": "dist/index.js",
    "scripts": {
      "dev": "nodemon index",
    },
    "keywords": [],
    "author": "Fabian",
    "license": "ISC",
    "dependencies": {
      "express": "^4.17.3",
      "helmet": "^5.0.2",
      "jest": "^27.5.1",
      "lodash": "^4.17.21",
      "mongo": "^0.1.0",
      "mongoose": "^6.2.3",
      "morgan": "^1.10.0",
      "supertest": "^6.2.2"
    },
    "devDependencies": {
      "@types/express": "^4.17.13",
      "@types/node": "^17.0.19",
      "nodemon": "^2.0.15",
      "ts-node": "^10.5.0",
      "typescript": "^4.5.5"
    }
  }

yarn manifest: 
  No manifest

Lockfile: 
  No lockfile
